{
  "stats": {
    "suites": 2,
    "tests": 1,
    "passes": 1,
    "pending": 0,
    "failures": 0,
    "start": "2022-06-13T00:56:45.044Z",
    "end": "2022-06-13T00:56:48.356Z",
    "duration": 3312,
    "testsRegistered": 1,
    "passPercent": 100,
    "pendingPercent": 0,
    "other": 0,
    "hasOther": false,
    "skipped": 0,
    "hasSkipped": false
  },
  "results": [
    {
      "uuid": "26a0f8c7-27d1-42e0-a349-0c88148ce3cc",
      "title": "",
      "fullFile": "cypress/integration/Carrinhos/GET-carts.spec.js",
      "file": "cypress/integration/Carrinhos/GET-carts.spec.js",
      "beforeHooks": [],
      "afterHooks": [],
      "tests": [],
      "suites": [
        {
          "uuid": "9728fd06-6c45-44c5-a28b-4e9faa209c77",
          "title": "Given the carts api",
          "fullFile": "",
          "file": "",
          "beforeHooks": [],
          "afterHooks": [],
          "tests": [],
          "suites": [
            {
              "uuid": "f7813f30-231e-45fd-9809-772754827328",
              "title": "When I send GET /carrinhos",
              "fullFile": "",
              "file": "",
              "beforeHooks": [],
              "afterHooks": [],
              "tests": [
                {
                  "title": "Then it should return a list with all registered products",
                  "fullTitle": "Given the carts api When I send GET /carrinhos Then it should return a list with all registered products",
                  "timedOut": null,
                  "duration": 3292,
                  "state": "passed",
                  "speed": "fast",
                  "pass": true,
                  "fail": false,
                  "pending": false,
                  "context": null,
                  "code": "cy.request({\n  method: \"GET\",\n  url: \"/carrinhos\"\n}).should(response => {\n  expect(response.status).to.eq(200);\n  expect(response.body.quantidade).to.eq(response.body.carrinhos.length);\n});",
                  "err": {},
                  "uuid": "68f34681-20dd-4ea3-83a7-d9cdad9e0b1e",
                  "parentUUID": "f7813f30-231e-45fd-9809-772754827328",
                  "isHook": false,
                  "skipped": false
                }
              ],
              "suites": [],
              "passes": [
                "68f34681-20dd-4ea3-83a7-d9cdad9e0b1e"
              ],
              "failures": [],
              "pending": [],
              "skipped": [],
              "duration": 3292,
              "root": false,
              "rootEmpty": false,
              "_timeout": 2000
            }
          ],
          "passes": [],
          "failures": [],
          "pending": [],
          "skipped": [],
          "duration": 0,
          "root": false,
          "rootEmpty": false,
          "_timeout": 2000
        }
      ],
      "passes": [],
      "failures": [],
      "pending": [],
      "skipped": [],
      "duration": 0,
      "root": true,
      "rootEmpty": true,
      "_timeout": 2000
    }
  ],
  "meta": {
    "mocha": {
      "version": "7.0.1"
    },
    "mochawesome": {
      "options": {
        "quiet": true,
        "reportFilename": "mochawesome",
        "saveHtml": false,
        "saveJson": true,
        "consoleReporter": "spec",
        "useInlineDiffs": false,
        "code": true
      },
      "version": "7.1.3"
    },
    "marge": {
      "options": {
        "id": "default",
        "reporterDir": "mochawesome-report",
        "quiet": true,
        "overwrite": false,
        "html": false,
        "json": true
      },
      "version": "6.2.0"
    }
  }
}