{
  "stats": {
    "suites": 2,
    "tests": 1,
    "passes": 1,
    "pending": 0,
    "failures": 0,
    "start": "2022-10-10T01:13:25.353Z",
    "end": "2022-10-10T01:13:25.506Z",
    "duration": 153,
    "testsRegistered": 1,
    "passPercent": 100,
    "pendingPercent": 0,
    "other": 0,
    "hasOther": false,
    "skipped": 0,
    "hasSkipped": false
  },
  "results": [
    {
      "uuid": "d85c24bb-4c9d-492b-908d-b08475f8cd5e",
      "title": "",
      "fullFile": "cypress/integration/Usuarios/POST-users.spec.js",
      "file": "cypress/integration/Usuarios/POST-users.spec.js",
      "beforeHooks": [],
      "afterHooks": [],
      "tests": [],
      "suites": [
        {
          "uuid": "9d0ace67-9f6b-4fe1-ace5-1bf532c2079f",
          "title": "Given the Users api",
          "fullFile": "",
          "file": "",
          "beforeHooks": [],
          "afterHooks": [],
          "tests": [],
          "suites": [
            {
              "uuid": "a72a61c7-4cc8-4bb4-8c65-05d2683575bc",
              "title": "When I send POST /usuarios",
              "fullFile": "",
              "file": "",
              "beforeHooks": [],
              "afterHooks": [],
              "tests": [
                {
                  "title": "Then it should create a new user",
                  "fullTitle": "Given the Users api When I send POST /usuarios Then it should create a new user",
                  "timedOut": null,
                  "duration": 139,
                  "state": "passed",
                  "speed": "fast",
                  "pass": true,
                  "fail": false,
                  "pending": false,
                  "context": null,
                  "code": "cy.request({\n  method: \"POST\",\n  url: \"/usuarios\",\n  body: fakeUser\n}).should(response => {\n  expect(response.status).eq(201);\n  expect(response.body.message).eq(\"Cadastro realizado com sucesso\");\n});",
                  "err": {},
                  "uuid": "47f87855-7eb7-48e0-8f82-1e25ff9881a2",
                  "parentUUID": "a72a61c7-4cc8-4bb4-8c65-05d2683575bc",
                  "isHook": false,
                  "skipped": false
                }
              ],
              "suites": [],
              "passes": [
                "47f87855-7eb7-48e0-8f82-1e25ff9881a2"
              ],
              "failures": [],
              "pending": [],
              "skipped": [],
              "duration": 139,
              "root": false,
              "rootEmpty": false,
              "_timeout": 2000
            }
          ],
          "passes": [],
          "failures": [],
          "pending": [],
          "skipped": [],
          "duration": 0,
          "root": false,
          "rootEmpty": false,
          "_timeout": 2000
        }
      ],
      "passes": [],
      "failures": [],
      "pending": [],
      "skipped": [],
      "duration": 0,
      "root": true,
      "rootEmpty": true,
      "_timeout": 2000
    }
  ],
  "meta": {
    "mocha": {
      "version": "7.0.1"
    },
    "mochawesome": {
      "options": {
        "quiet": true,
        "reportFilename": "mochawesome",
        "saveHtml": false,
        "saveJson": true,
        "consoleReporter": "spec",
        "useInlineDiffs": false,
        "code": true
      },
      "version": "7.1.3"
    },
    "marge": {
      "options": {
        "id": "default",
        "reporterDir": "mochawesome-report",
        "quiet": true,
        "overwrite": false,
        "html": false,
        "json": true
      },
      "version": "6.2.0"
    }
  }
}