{
  "stats": {
    "suites": 3,
    "tests": 2,
    "passes": 2,
    "pending": 0,
    "failures": 0,
    "start": "2022-08-08T00:55:21.758Z",
    "end": "2022-08-08T00:55:21.926Z",
    "duration": 168,
    "testsRegistered": 2,
    "passPercent": 100,
    "pendingPercent": 0,
    "other": 0,
    "hasOther": false,
    "skipped": 0,
    "hasSkipped": false
  },
  "results": [
    {
      "uuid": "84a88f85-008c-435d-9858-d013320ed6ab",
      "title": "",
      "fullFile": "cypress/integration/Usuarios/GET-users.spec.js",
      "file": "cypress/integration/Usuarios/GET-users.spec.js",
      "beforeHooks": [],
      "afterHooks": [],
      "tests": [],
      "suites": [
        {
          "uuid": "4af55da0-8ea6-4fd5-bed3-aba1c1083b0f",
          "title": "Given the users api",
          "fullFile": "",
          "file": "",
          "beforeHooks": [],
          "afterHooks": [],
          "tests": [],
          "suites": [
            {
              "uuid": "d036115d-466b-44bf-adab-e7ae5f64c72c",
              "title": "When I send GET /usuarios",
              "fullFile": "",
              "file": "",
              "beforeHooks": [],
              "afterHooks": [],
              "tests": [
                {
                  "title": "Then it should return a list with all registered users",
                  "fullTitle": "Given the users api When I send GET /usuarios Then it should return a list with all registered users",
                  "timedOut": null,
                  "duration": 87,
                  "state": "passed",
                  "speed": "fast",
                  "pass": true,
                  "fail": false,
                  "pending": false,
                  "context": null,
                  "code": "cy.request({\n  method: \"GET\",\n  url: \"/usuarios\"\n}).should(response => {\n  expect(response.status).to.eq(200);\n  expect(response.body.quantidade).to.eq(response.body.usuarios.length);\n  Cypress._.each(response.body.usuarios, usuario => {\n    expect(usuario.email).to.not.be.null;\n    expect(usuario).to.have.all.keys(\"nome\", \"email\", \"password\", \"administrador\", \"_id\");\n  });\n});",
                  "err": {},
                  "uuid": "b0e026eb-03f1-425f-8df7-4718dd54f0e5",
                  "parentUUID": "d036115d-466b-44bf-adab-e7ae5f64c72c",
                  "isHook": false,
                  "skipped": false
                }
              ],
              "suites": [],
              "passes": [
                "b0e026eb-03f1-425f-8df7-4718dd54f0e5"
              ],
              "failures": [],
              "pending": [],
              "skipped": [],
              "duration": 87,
              "root": false,
              "rootEmpty": false,
              "_timeout": 2000
            },
            {
              "uuid": "d10df6f2-f812-48af-b6d3-62aa631eeae9",
              "title": "When I send GET /usuarios passing id query param",
              "fullFile": "",
              "file": "",
              "beforeHooks": [],
              "afterHooks": [],
              "tests": [
                {
                  "title": "Then it should return only the filtered user",
                  "fullTitle": "Given the users api When I send GET /usuarios passing id query param Then it should return only the filtered user",
                  "timedOut": null,
                  "duration": 63,
                  "state": "passed",
                  "speed": "fast",
                  "pass": true,
                  "fail": false,
                  "pending": false,
                  "context": null,
                  "code": "cy.request({\n  method: \"GET\",\n  url: \"/usuarios\",\n  qs: {\n    _id: \"0uxuPY0cbmQhpEz1\"\n  }\n}).should(response => {\n  expect(response.status).to.eq(200);\n  expect(response.body.usuarios[0].nome).to.eq(\"Fulano da Silva\");\n});",
                  "err": {},
                  "uuid": "77a38710-730d-4756-bc0c-3b8475cea408",
                  "parentUUID": "d10df6f2-f812-48af-b6d3-62aa631eeae9",
                  "isHook": false,
                  "skipped": false
                }
              ],
              "suites": [],
              "passes": [
                "77a38710-730d-4756-bc0c-3b8475cea408"
              ],
              "failures": [],
              "pending": [],
              "skipped": [],
              "duration": 63,
              "root": false,
              "rootEmpty": false,
              "_timeout": 2000
            }
          ],
          "passes": [],
          "failures": [],
          "pending": [],
          "skipped": [],
          "duration": 0,
          "root": false,
          "rootEmpty": false,
          "_timeout": 2000
        }
      ],
      "passes": [],
      "failures": [],
      "pending": [],
      "skipped": [],
      "duration": 0,
      "root": true,
      "rootEmpty": true,
      "_timeout": 2000
    }
  ],
  "meta": {
    "mocha": {
      "version": "7.0.1"
    },
    "mochawesome": {
      "options": {
        "quiet": true,
        "reportFilename": "mochawesome",
        "saveHtml": false,
        "saveJson": true,
        "consoleReporter": "spec",
        "useInlineDiffs": false,
        "code": true
      },
      "version": "7.1.3"
    },
    "marge": {
      "options": {
        "id": "default",
        "reporterDir": "mochawesome-report",
        "quiet": true,
        "overwrite": false,
        "html": false,
        "json": true
      },
      "version": "6.2.0"
    }
  }
}