{
  "stats": {
    "suites": 2,
    "tests": 1,
    "passes": 1,
    "pending": 0,
    "failures": 0,
    "start": "2022-07-25T00:58:06.976Z",
    "end": "2022-07-25T00:58:07.127Z",
    "duration": 151,
    "testsRegistered": 1,
    "passPercent": 100,
    "pendingPercent": 0,
    "other": 0,
    "hasOther": false,
    "skipped": 0,
    "hasSkipped": false
  },
  "results": [
    {
      "uuid": "92477d27-ee39-41a9-a261-0c2e5f12384d",
      "title": "",
      "fullFile": "cypress/integration/Produtos/GET-products.spec.js",
      "file": "cypress/integration/Produtos/GET-products.spec.js",
      "beforeHooks": [],
      "afterHooks": [],
      "tests": [],
      "suites": [
        {
          "uuid": "2b661c6f-d24b-4e31-a453-6681ad02b9b6",
          "title": "Given the products api",
          "fullFile": "",
          "file": "",
          "beforeHooks": [],
          "afterHooks": [],
          "tests": [],
          "suites": [
            {
              "uuid": "5212dcd2-d782-4336-803a-6ff74617a1c9",
              "title": "When I send GET /produtos",
              "fullFile": "",
              "file": "",
              "beforeHooks": [],
              "afterHooks": [],
              "tests": [
                {
                  "title": "Then it should return a list with all registered products",
                  "fullTitle": "Given the products api When I send GET /produtos Then it should return a list with all registered products",
                  "timedOut": null,
                  "duration": 131,
                  "state": "passed",
                  "speed": "fast",
                  "pass": true,
                  "fail": false,
                  "pending": false,
                  "context": null,
                  "code": "cy.request({\n  method: \"GET\",\n  url: \"/produtos\"\n}).should(response => {\n  expect(response.status).to.eq(200);\n  expect(response.body.quantidade).to.eq(response.body.produtos.length);\n  Cypress._.each(response.body.produtos, produto => {\n    expect(produto.email).to.not.be.null;\n    expect(produto).to.contain.keys(\"nome\", \"preco\", \"descricao\", \"quantidade\", \"_id\");\n  });\n});",
                  "err": {},
                  "uuid": "b9df9beb-c266-402c-9d14-c8a7246f647f",
                  "parentUUID": "5212dcd2-d782-4336-803a-6ff74617a1c9",
                  "isHook": false,
                  "skipped": false
                }
              ],
              "suites": [],
              "passes": [
                "b9df9beb-c266-402c-9d14-c8a7246f647f"
              ],
              "failures": [],
              "pending": [],
              "skipped": [],
              "duration": 131,
              "root": false,
              "rootEmpty": false,
              "_timeout": 2000
            }
          ],
          "passes": [],
          "failures": [],
          "pending": [],
          "skipped": [],
          "duration": 0,
          "root": false,
          "rootEmpty": false,
          "_timeout": 2000
        }
      ],
      "passes": [],
      "failures": [],
      "pending": [],
      "skipped": [],
      "duration": 0,
      "root": true,
      "rootEmpty": true,
      "_timeout": 2000
    }
  ],
  "meta": {
    "mocha": {
      "version": "7.0.1"
    },
    "mochawesome": {
      "options": {
        "quiet": true,
        "reportFilename": "mochawesome",
        "saveHtml": false,
        "saveJson": true,
        "consoleReporter": "spec",
        "useInlineDiffs": false,
        "code": true
      },
      "version": "7.1.3"
    },
    "marge": {
      "options": {
        "id": "default",
        "reporterDir": "mochawesome-report",
        "quiet": true,
        "overwrite": false,
        "html": false,
        "json": true
      },
      "version": "6.2.0"
    }
  }
}