{
  "stats": {
    "suites": 2,
    "tests": 1,
    "passes": 1,
    "pending": 0,
    "failures": 0,
    "start": "2022-05-27T17:14:47.762Z",
    "end": "2022-05-27T17:14:47.927Z",
    "duration": 165,
    "testsRegistered": 1,
    "passPercent": 100,
    "pendingPercent": 0,
    "other": 0,
    "hasOther": false,
    "skipped": 0,
    "hasSkipped": false
  },
  "results": [
    {
      "uuid": "4cf017f5-f60c-469b-bbfb-bef6276f7032",
      "title": "",
      "fullFile": "cypress/integration/Usuarios/POSTUsuarios.spec.js",
      "file": "cypress/integration/Usuarios/POSTUsuarios.spec.js",
      "beforeHooks": [],
      "afterHooks": [],
      "tests": [],
      "suites": [
        {
          "uuid": "163971a0-b998-43c1-8dfb-b00fa2ad7980",
          "title": "Given the Users api",
          "fullFile": "",
          "file": "",
          "beforeHooks": [],
          "afterHooks": [],
          "tests": [],
          "suites": [
            {
              "uuid": "5bbe0f33-c0fa-4b2f-80ab-9072cb721a92",
              "title": "When I send POST /usuarios",
              "fullFile": "",
              "file": "",
              "beforeHooks": [],
              "afterHooks": [],
              "tests": [
                {
                  "title": "Then it should create a new user",
                  "fullTitle": "Given the Users api When I send POST /usuarios Then it should create a new user",
                  "timedOut": null,
                  "duration": 148,
                  "state": "passed",
                  "speed": "fast",
                  "pass": true,
                  "fail": false,
                  "pending": false,
                  "context": null,
                  "code": "cy.request({\n  method: \"POST\",\n  url: \"/usuarios\",\n  body: fakeUser\n}).should(response => {\n  expect(response.status).eq(201);\n  expect(response.body.message).eq(\"Cadastro realizado com sucesso\");\n});",
                  "err": {},
                  "uuid": "410e02e0-ce58-4040-9548-a80a1c9d2a08",
                  "parentUUID": "5bbe0f33-c0fa-4b2f-80ab-9072cb721a92",
                  "isHook": false,
                  "skipped": false
                }
              ],
              "suites": [],
              "passes": [
                "410e02e0-ce58-4040-9548-a80a1c9d2a08"
              ],
              "failures": [],
              "pending": [],
              "skipped": [],
              "duration": 148,
              "root": false,
              "rootEmpty": false,
              "_timeout": 2000
            }
          ],
          "passes": [],
          "failures": [],
          "pending": [],
          "skipped": [],
          "duration": 0,
          "root": false,
          "rootEmpty": false,
          "_timeout": 2000
        }
      ],
      "passes": [],
      "failures": [],
      "pending": [],
      "skipped": [],
      "duration": 0,
      "root": true,
      "rootEmpty": true,
      "_timeout": 2000
    }
  ],
  "meta": {
    "mocha": {
      "version": "7.0.1"
    },
    "mochawesome": {
      "options": {
        "quiet": true,
        "reportFilename": "mochawesome",
        "saveHtml": false,
        "saveJson": true,
        "consoleReporter": "spec",
        "useInlineDiffs": false,
        "code": true
      },
      "version": "7.1.3"
    },
    "marge": {
      "options": {
        "id": "default",
        "reporterDir": "mochawesome-report",
        "quiet": true,
        "overwrite": false,
        "html": false,
        "json": true
      },
      "version": "6.2.0"
    }
  }
}