{
  "stats": {
    "suites": 3,
    "tests": 2,
    "passes": 2,
    "pending": 0,
    "failures": 0,
    "start": "2022-10-10T01:13:23.352Z",
    "end": "2022-10-10T01:13:23.538Z",
    "duration": 186,
    "testsRegistered": 2,
    "passPercent": 100,
    "pendingPercent": 0,
    "other": 0,
    "hasOther": false,
    "skipped": 0,
    "hasSkipped": false
  },
  "results": [
    {
      "uuid": "a41b0141-d4da-4ece-9a0a-8c428073aa8a",
      "title": "",
      "fullFile": "cypress/integration/Usuarios/GET-users.spec.js",
      "file": "cypress/integration/Usuarios/GET-users.spec.js",
      "beforeHooks": [],
      "afterHooks": [],
      "tests": [],
      "suites": [
        {
          "uuid": "1cb96598-6e77-46dc-b9b3-62d3937fb23f",
          "title": "Given the users api",
          "fullFile": "",
          "file": "",
          "beforeHooks": [],
          "afterHooks": [],
          "tests": [],
          "suites": [
            {
              "uuid": "2e83c4f5-d4bb-40cb-8fe8-1e454b71cc52",
              "title": "When I send GET /usuarios",
              "fullFile": "",
              "file": "",
              "beforeHooks": [],
              "afterHooks": [],
              "tests": [
                {
                  "title": "Then it should return a list with all registered users",
                  "fullTitle": "Given the users api When I send GET /usuarios Then it should return a list with all registered users",
                  "timedOut": null,
                  "duration": 97,
                  "state": "passed",
                  "speed": "fast",
                  "pass": true,
                  "fail": false,
                  "pending": false,
                  "context": null,
                  "code": "cy.request({\n  method: \"GET\",\n  url: \"/usuarios\"\n}).should(response => {\n  expect(response.status).to.eq(200);\n  expect(response.body.quantidade).to.eq(response.body.usuarios.length);\n  Cypress._.each(response.body.usuarios, usuario => {\n    expect(usuario.email).to.not.be.null;\n    expect(usuario).to.have.all.keys(\"nome\", \"email\", \"password\", \"administrador\", \"_id\");\n  });\n});",
                  "err": {},
                  "uuid": "3f181e4d-ba95-43a8-9141-c710bd1d94d1",
                  "parentUUID": "2e83c4f5-d4bb-40cb-8fe8-1e454b71cc52",
                  "isHook": false,
                  "skipped": false
                }
              ],
              "suites": [],
              "passes": [
                "3f181e4d-ba95-43a8-9141-c710bd1d94d1"
              ],
              "failures": [],
              "pending": [],
              "skipped": [],
              "duration": 97,
              "root": false,
              "rootEmpty": false,
              "_timeout": 2000
            },
            {
              "uuid": "49d8d7bb-f0b4-4bf2-8d42-e61c3bf71068",
              "title": "When I send GET /usuarios passing id query param",
              "fullFile": "",
              "file": "",
              "beforeHooks": [],
              "afterHooks": [],
              "tests": [
                {
                  "title": "Then it should return only the filtered user",
                  "fullTitle": "Given the users api When I send GET /usuarios passing id query param Then it should return only the filtered user",
                  "timedOut": null,
                  "duration": 67,
                  "state": "passed",
                  "speed": "fast",
                  "pass": true,
                  "fail": false,
                  "pending": false,
                  "context": null,
                  "code": "cy.request({\n  method: \"GET\",\n  url: \"/usuarios\",\n  qs: {\n    _id: \"0uxuPY0cbmQhpEz1\"\n  }\n}).should(response => {\n  expect(response.status).to.eq(200);\n  expect(response.body.usuarios[0].nome).to.eq(\"Fulano da Silva\");\n});",
                  "err": {},
                  "uuid": "9002eb4d-82c3-4d50-a978-2b0157bec76c",
                  "parentUUID": "49d8d7bb-f0b4-4bf2-8d42-e61c3bf71068",
                  "isHook": false,
                  "skipped": false
                }
              ],
              "suites": [],
              "passes": [
                "9002eb4d-82c3-4d50-a978-2b0157bec76c"
              ],
              "failures": [],
              "pending": [],
              "skipped": [],
              "duration": 67,
              "root": false,
              "rootEmpty": false,
              "_timeout": 2000
            }
          ],
          "passes": [],
          "failures": [],
          "pending": [],
          "skipped": [],
          "duration": 0,
          "root": false,
          "rootEmpty": false,
          "_timeout": 2000
        }
      ],
      "passes": [],
      "failures": [],
      "pending": [],
      "skipped": [],
      "duration": 0,
      "root": true,
      "rootEmpty": true,
      "_timeout": 2000
    }
  ],
  "meta": {
    "mocha": {
      "version": "7.0.1"
    },
    "mochawesome": {
      "options": {
        "quiet": true,
        "reportFilename": "mochawesome",
        "saveHtml": false,
        "saveJson": true,
        "consoleReporter": "spec",
        "useInlineDiffs": false,
        "code": true
      },
      "version": "7.1.3"
    },
    "marge": {
      "options": {
        "id": "default",
        "reporterDir": "mochawesome-report",
        "quiet": true,
        "overwrite": false,
        "html": false,
        "json": true
      },
      "version": "6.2.0"
    }
  }
}