{
  "stats": {
    "suites": 2,
    "tests": 1,
    "passes": 1,
    "pending": 0,
    "failures": 0,
    "start": "2022-08-08T00:55:23.751Z",
    "end": "2022-08-08T00:55:23.876Z",
    "duration": 125,
    "testsRegistered": 1,
    "passPercent": 100,
    "pendingPercent": 0,
    "other": 0,
    "hasOther": false,
    "skipped": 0,
    "hasSkipped": false
  },
  "results": [
    {
      "uuid": "1bedd0d6-473d-499d-976e-0414708c99a9",
      "title": "",
      "fullFile": "cypress/integration/Usuarios/POST-users.spec.js",
      "file": "cypress/integration/Usuarios/POST-users.spec.js",
      "beforeHooks": [],
      "afterHooks": [],
      "tests": [],
      "suites": [
        {
          "uuid": "03f28536-43e9-4f43-9511-d78f0f8c9c9b",
          "title": "Given the Users api",
          "fullFile": "",
          "file": "",
          "beforeHooks": [],
          "afterHooks": [],
          "tests": [],
          "suites": [
            {
              "uuid": "2c8bede6-7885-479f-a781-c8ea45eb6016",
              "title": "When I send POST /usuarios",
              "fullFile": "",
              "file": "",
              "beforeHooks": [],
              "afterHooks": [],
              "tests": [
                {
                  "title": "Then it should create a new user",
                  "fullTitle": "Given the Users api When I send POST /usuarios Then it should create a new user",
                  "timedOut": null,
                  "duration": 108,
                  "state": "passed",
                  "speed": "fast",
                  "pass": true,
                  "fail": false,
                  "pending": false,
                  "context": null,
                  "code": "cy.request({\n  method: \"POST\",\n  url: \"/usuarios\",\n  body: fakeUser\n}).should(response => {\n  expect(response.status).eq(201);\n  expect(response.body.message).eq(\"Cadastro realizado com sucesso\");\n});",
                  "err": {},
                  "uuid": "e9d45818-2f85-4368-8a4e-7494a65db4a3",
                  "parentUUID": "2c8bede6-7885-479f-a781-c8ea45eb6016",
                  "isHook": false,
                  "skipped": false
                }
              ],
              "suites": [],
              "passes": [
                "e9d45818-2f85-4368-8a4e-7494a65db4a3"
              ],
              "failures": [],
              "pending": [],
              "skipped": [],
              "duration": 108,
              "root": false,
              "rootEmpty": false,
              "_timeout": 2000
            }
          ],
          "passes": [],
          "failures": [],
          "pending": [],
          "skipped": [],
          "duration": 0,
          "root": false,
          "rootEmpty": false,
          "_timeout": 2000
        }
      ],
      "passes": [],
      "failures": [],
      "pending": [],
      "skipped": [],
      "duration": 0,
      "root": true,
      "rootEmpty": true,
      "_timeout": 2000
    }
  ],
  "meta": {
    "mocha": {
      "version": "7.0.1"
    },
    "mochawesome": {
      "options": {
        "quiet": true,
        "reportFilename": "mochawesome",
        "saveHtml": false,
        "saveJson": true,
        "consoleReporter": "spec",
        "useInlineDiffs": false,
        "code": true
      },
      "version": "7.1.3"
    },
    "marge": {
      "options": {
        "id": "default",
        "reporterDir": "mochawesome-report",
        "quiet": true,
        "overwrite": false,
        "html": false,
        "json": true
      },
      "version": "6.2.0"
    }
  }
}