{
  "stats": {
    "suites": 3,
    "tests": 2,
    "passes": 2,
    "pending": 0,
    "failures": 0,
    "start": "2022-07-25T00:58:09.046Z",
    "end": "2022-07-25T00:58:09.211Z",
    "duration": 165,
    "testsRegistered": 2,
    "passPercent": 100,
    "pendingPercent": 0,
    "other": 0,
    "hasOther": false,
    "skipped": 0,
    "hasSkipped": false
  },
  "results": [
    {
      "uuid": "70c63e4f-accc-4367-9978-ac1e1a72b7ea",
      "title": "",
      "fullFile": "cypress/integration/Usuarios/GET-users.spec.js",
      "file": "cypress/integration/Usuarios/GET-users.spec.js",
      "beforeHooks": [],
      "afterHooks": [],
      "tests": [],
      "suites": [
        {
          "uuid": "3c34d9c0-1667-4fa1-a1e6-84605b5f1144",
          "title": "Given the users api",
          "fullFile": "",
          "file": "",
          "beforeHooks": [],
          "afterHooks": [],
          "tests": [],
          "suites": [
            {
              "uuid": "b0b59bad-fa21-4ed2-a27a-7c3a4841e401",
              "title": "When I send GET /usuarios",
              "fullFile": "",
              "file": "",
              "beforeHooks": [],
              "afterHooks": [],
              "tests": [
                {
                  "title": "Then it should return a list with all registered users",
                  "fullTitle": "Given the users api When I send GET /usuarios Then it should return a list with all registered users",
                  "timedOut": null,
                  "duration": 84,
                  "state": "passed",
                  "speed": "fast",
                  "pass": true,
                  "fail": false,
                  "pending": false,
                  "context": null,
                  "code": "cy.request({\n  method: \"GET\",\n  url: \"/usuarios\"\n}).should(response => {\n  expect(response.status).to.eq(200);\n  expect(response.body.quantidade).to.eq(response.body.usuarios.length);\n  Cypress._.each(response.body.usuarios, usuario => {\n    expect(usuario.email).to.not.be.null;\n    expect(usuario).to.have.all.keys(\"nome\", \"email\", \"password\", \"administrador\", \"_id\");\n  });\n});",
                  "err": {},
                  "uuid": "890b28cb-d2d3-4354-86dc-1fa155f4b683",
                  "parentUUID": "b0b59bad-fa21-4ed2-a27a-7c3a4841e401",
                  "isHook": false,
                  "skipped": false
                }
              ],
              "suites": [],
              "passes": [
                "890b28cb-d2d3-4354-86dc-1fa155f4b683"
              ],
              "failures": [],
              "pending": [],
              "skipped": [],
              "duration": 84,
              "root": false,
              "rootEmpty": false,
              "_timeout": 2000
            },
            {
              "uuid": "d76f21d7-099b-44d1-a7cf-b02edd1b6c98",
              "title": "When I send GET /usuarios passing id query param",
              "fullFile": "",
              "file": "",
              "beforeHooks": [],
              "afterHooks": [],
              "tests": [
                {
                  "title": "Then it should return only the filtered user",
                  "fullTitle": "Given the users api When I send GET /usuarios passing id query param Then it should return only the filtered user",
                  "timedOut": null,
                  "duration": 65,
                  "state": "passed",
                  "speed": "fast",
                  "pass": true,
                  "fail": false,
                  "pending": false,
                  "context": null,
                  "code": "cy.request({\n  method: \"GET\",\n  url: \"/usuarios\",\n  qs: {\n    _id: \"0uxuPY0cbmQhpEz1\"\n  }\n}).should(response => {\n  expect(response.status).to.eq(200);\n  expect(response.body.usuarios[0].nome).to.eq(\"Fulano da Silva\");\n});",
                  "err": {},
                  "uuid": "8aed2493-80a4-45f3-baa0-ff45a74d8273",
                  "parentUUID": "d76f21d7-099b-44d1-a7cf-b02edd1b6c98",
                  "isHook": false,
                  "skipped": false
                }
              ],
              "suites": [],
              "passes": [
                "8aed2493-80a4-45f3-baa0-ff45a74d8273"
              ],
              "failures": [],
              "pending": [],
              "skipped": [],
              "duration": 65,
              "root": false,
              "rootEmpty": false,
              "_timeout": 2000
            }
          ],
          "passes": [],
          "failures": [],
          "pending": [],
          "skipped": [],
          "duration": 0,
          "root": false,
          "rootEmpty": false,
          "_timeout": 2000
        }
      ],
      "passes": [],
      "failures": [],
      "pending": [],
      "skipped": [],
      "duration": 0,
      "root": true,
      "rootEmpty": true,
      "_timeout": 2000
    }
  ],
  "meta": {
    "mocha": {
      "version": "7.0.1"
    },
    "mochawesome": {
      "options": {
        "quiet": true,
        "reportFilename": "mochawesome",
        "saveHtml": false,
        "saveJson": true,
        "consoleReporter": "spec",
        "useInlineDiffs": false,
        "code": true
      },
      "version": "7.1.3"
    },
    "marge": {
      "options": {
        "id": "default",
        "reporterDir": "mochawesome-report",
        "quiet": true,
        "overwrite": false,
        "html": false,
        "json": true
      },
      "version": "6.2.0"
    }
  }
}