{
  "stats": {
    "suites": 2,
    "tests": 1,
    "passes": 1,
    "pending": 0,
    "failures": 0,
    "start": "2022-08-01T01:08:09.025Z",
    "end": "2022-08-01T01:08:09.145Z",
    "duration": 120,
    "testsRegistered": 1,
    "passPercent": 100,
    "pendingPercent": 0,
    "other": 0,
    "hasOther": false,
    "skipped": 0,
    "hasSkipped": false
  },
  "results": [
    {
      "uuid": "4b95cd71-ddf6-444e-b816-bf3f536bd201",
      "title": "",
      "fullFile": "cypress/integration/Produtos/GET-products.spec.js",
      "file": "cypress/integration/Produtos/GET-products.spec.js",
      "beforeHooks": [],
      "afterHooks": [],
      "tests": [],
      "suites": [
        {
          "uuid": "acee45c6-5344-44d7-9074-2b417443f634",
          "title": "Given the products api",
          "fullFile": "",
          "file": "",
          "beforeHooks": [],
          "afterHooks": [],
          "tests": [],
          "suites": [
            {
              "uuid": "c860f41d-0dc4-4d03-be91-2a200dd6e751",
              "title": "When I send GET /produtos",
              "fullFile": "",
              "file": "",
              "beforeHooks": [],
              "afterHooks": [],
              "tests": [
                {
                  "title": "Then it should return a list with all registered products",
                  "fullTitle": "Given the products api When I send GET /produtos Then it should return a list with all registered products",
                  "timedOut": null,
                  "duration": 107,
                  "state": "passed",
                  "speed": "fast",
                  "pass": true,
                  "fail": false,
                  "pending": false,
                  "context": null,
                  "code": "cy.request({\n  method: \"GET\",\n  url: \"/produtos\"\n}).should(response => {\n  expect(response.status).to.eq(200);\n  expect(response.body.quantidade).to.eq(response.body.produtos.length);\n  Cypress._.each(response.body.produtos, produto => {\n    expect(produto.email).to.not.be.null;\n    expect(produto).to.contain.keys(\"nome\", \"preco\", \"descricao\", \"quantidade\", \"_id\");\n  });\n});",
                  "err": {},
                  "uuid": "09491d02-607a-4e42-95e1-e8c4baa57cf2",
                  "parentUUID": "c860f41d-0dc4-4d03-be91-2a200dd6e751",
                  "isHook": false,
                  "skipped": false
                }
              ],
              "suites": [],
              "passes": [
                "09491d02-607a-4e42-95e1-e8c4baa57cf2"
              ],
              "failures": [],
              "pending": [],
              "skipped": [],
              "duration": 107,
              "root": false,
              "rootEmpty": false,
              "_timeout": 2000
            }
          ],
          "passes": [],
          "failures": [],
          "pending": [],
          "skipped": [],
          "duration": 0,
          "root": false,
          "rootEmpty": false,
          "_timeout": 2000
        }
      ],
      "passes": [],
      "failures": [],
      "pending": [],
      "skipped": [],
      "duration": 0,
      "root": true,
      "rootEmpty": true,
      "_timeout": 2000
    }
  ],
  "meta": {
    "mocha": {
      "version": "7.0.1"
    },
    "mochawesome": {
      "options": {
        "quiet": true,
        "reportFilename": "mochawesome",
        "saveHtml": false,
        "saveJson": true,
        "consoleReporter": "spec",
        "useInlineDiffs": false,
        "code": true
      },
      "version": "7.1.3"
    },
    "marge": {
      "options": {
        "id": "default",
        "reporterDir": "mochawesome-report",
        "quiet": true,
        "overwrite": false,
        "html": false,
        "json": true
      },
      "version": "6.2.0"
    }
  }
}