{
  "stats": {
    "suites": 3,
    "tests": 2,
    "passes": 2,
    "pending": 0,
    "failures": 0,
    "start": "2022-10-03T01:07:44.055Z",
    "end": "2022-10-03T01:07:44.242Z",
    "duration": 187,
    "testsRegistered": 2,
    "passPercent": 100,
    "pendingPercent": 0,
    "other": 0,
    "hasOther": false,
    "skipped": 0,
    "hasSkipped": false
  },
  "results": [
    {
      "uuid": "d43c4d1a-5f7f-4c7b-862c-c9400b3d7397",
      "title": "",
      "fullFile": "cypress/integration/Usuarios/GET-users.spec.js",
      "file": "cypress/integration/Usuarios/GET-users.spec.js",
      "beforeHooks": [],
      "afterHooks": [],
      "tests": [],
      "suites": [
        {
          "uuid": "1c23c776-7983-41da-8f6c-c5f219d505c4",
          "title": "Given the users api",
          "fullFile": "",
          "file": "",
          "beforeHooks": [],
          "afterHooks": [],
          "tests": [],
          "suites": [
            {
              "uuid": "1e457a91-6959-4dba-9cb1-a5de08de7cb5",
              "title": "When I send GET /usuarios",
              "fullFile": "",
              "file": "",
              "beforeHooks": [],
              "afterHooks": [],
              "tests": [
                {
                  "title": "Then it should return a list with all registered users",
                  "fullTitle": "Given the users api When I send GET /usuarios Then it should return a list with all registered users",
                  "timedOut": null,
                  "duration": 95,
                  "state": "passed",
                  "speed": "fast",
                  "pass": true,
                  "fail": false,
                  "pending": false,
                  "context": null,
                  "code": "cy.request({\n  method: \"GET\",\n  url: \"/usuarios\"\n}).should(response => {\n  expect(response.status).to.eq(200);\n  expect(response.body.quantidade).to.eq(response.body.usuarios.length);\n  Cypress._.each(response.body.usuarios, usuario => {\n    expect(usuario.email).to.not.be.null;\n    expect(usuario).to.have.all.keys(\"nome\", \"email\", \"password\", \"administrador\", \"_id\");\n  });\n});",
                  "err": {},
                  "uuid": "10a69214-f579-4911-acdd-e7bd5c28dffe",
                  "parentUUID": "1e457a91-6959-4dba-9cb1-a5de08de7cb5",
                  "isHook": false,
                  "skipped": false
                }
              ],
              "suites": [],
              "passes": [
                "10a69214-f579-4911-acdd-e7bd5c28dffe"
              ],
              "failures": [],
              "pending": [],
              "skipped": [],
              "duration": 95,
              "root": false,
              "rootEmpty": false,
              "_timeout": 2000
            },
            {
              "uuid": "d877d222-dba7-42a2-bcc7-c564b40f6a9b",
              "title": "When I send GET /usuarios passing id query param",
              "fullFile": "",
              "file": "",
              "beforeHooks": [],
              "afterHooks": [],
              "tests": [
                {
                  "title": "Then it should return only the filtered user",
                  "fullTitle": "Given the users api When I send GET /usuarios passing id query param Then it should return only the filtered user",
                  "timedOut": null,
                  "duration": 72,
                  "state": "passed",
                  "speed": "fast",
                  "pass": true,
                  "fail": false,
                  "pending": false,
                  "context": null,
                  "code": "cy.request({\n  method: \"GET\",\n  url: \"/usuarios\",\n  qs: {\n    _id: \"0uxuPY0cbmQhpEz1\"\n  }\n}).should(response => {\n  expect(response.status).to.eq(200);\n  expect(response.body.usuarios[0].nome).to.eq(\"Fulano da Silva\");\n});",
                  "err": {},
                  "uuid": "0f70fdd1-4eaf-414a-9b0a-5a6d9fe55885",
                  "parentUUID": "d877d222-dba7-42a2-bcc7-c564b40f6a9b",
                  "isHook": false,
                  "skipped": false
                }
              ],
              "suites": [],
              "passes": [
                "0f70fdd1-4eaf-414a-9b0a-5a6d9fe55885"
              ],
              "failures": [],
              "pending": [],
              "skipped": [],
              "duration": 72,
              "root": false,
              "rootEmpty": false,
              "_timeout": 2000
            }
          ],
          "passes": [],
          "failures": [],
          "pending": [],
          "skipped": [],
          "duration": 0,
          "root": false,
          "rootEmpty": false,
          "_timeout": 2000
        }
      ],
      "passes": [],
      "failures": [],
      "pending": [],
      "skipped": [],
      "duration": 0,
      "root": true,
      "rootEmpty": true,
      "_timeout": 2000
    }
  ],
  "meta": {
    "mocha": {
      "version": "7.0.1"
    },
    "mochawesome": {
      "options": {
        "quiet": true,
        "reportFilename": "mochawesome",
        "saveHtml": false,
        "saveJson": true,
        "consoleReporter": "spec",
        "useInlineDiffs": false,
        "code": true
      },
      "version": "7.1.3"
    },
    "marge": {
      "options": {
        "id": "default",
        "reporterDir": "mochawesome-report",
        "quiet": true,
        "overwrite": false,
        "html": false,
        "json": true
      },
      "version": "6.2.0"
    }
  }
}