{
  "stats": {
    "suites": 3,
    "tests": 2,
    "passes": 2,
    "pending": 0,
    "failures": 0,
    "start": "2022-05-27T17:00:09.640Z",
    "end": "2022-05-27T17:00:10.156Z",
    "duration": 516,
    "testsRegistered": 2,
    "passPercent": 100,
    "pendingPercent": 0,
    "other": 0,
    "hasOther": false,
    "skipped": 0,
    "hasSkipped": false
  },
  "results": [
    {
      "uuid": "7aa999ca-a3b8-4f11-a862-3dbb4adcdecc",
      "title": "",
      "fullFile": "cypress/integration/Usuarios/GETUsuarios.spec.js",
      "file": "cypress/integration/Usuarios/GETUsuarios.spec.js",
      "beforeHooks": [],
      "afterHooks": [],
      "tests": [],
      "suites": [
        {
          "uuid": "6580a229-5112-4b22-a027-678119db3748",
          "title": "Given the Users api",
          "fullFile": "",
          "file": "",
          "beforeHooks": [],
          "afterHooks": [],
          "tests": [],
          "suites": [
            {
              "uuid": "9f778c6a-d9bc-4e01-b441-929d3c830cd6",
              "title": "When I send GET /usuarios",
              "fullFile": "",
              "file": "",
              "beforeHooks": [],
              "afterHooks": [],
              "tests": [
                {
                  "title": "Then it should return a list with all registered users",
                  "fullTitle": "Given the Users api When I send GET /usuarios Then it should return a list with all registered users",
                  "timedOut": null,
                  "duration": 321,
                  "state": "passed",
                  "speed": "fast",
                  "pass": true,
                  "fail": false,
                  "pending": false,
                  "context": null,
                  "code": "cy.request({\n  method: \"GET\",\n  url: \"/usuarios\"\n}).should(response => {\n  expect(response.status).to.eq(200);\n  expect(response.body.quantidade).to.eq(response.body.usuarios.length);\n  Cypress._.each(response.body.usuarios, usuario => {\n    expect(usuario.email).to.not.be.null;\n    expect(usuario).to.have.all.keys(\"nome\", \"email\", \"password\", \"administrador\", \"_id\");\n  });\n});",
                  "err": {},
                  "uuid": "ebee31fc-02b0-4e55-8351-5066d7a31019",
                  "parentUUID": "9f778c6a-d9bc-4e01-b441-929d3c830cd6",
                  "isHook": false,
                  "skipped": false
                }
              ],
              "suites": [],
              "passes": [
                "ebee31fc-02b0-4e55-8351-5066d7a31019"
              ],
              "failures": [],
              "pending": [],
              "skipped": [],
              "duration": 321,
              "root": false,
              "rootEmpty": false,
              "_timeout": 2000
            },
            {
              "uuid": "f298a6fe-c5f7-4702-b14c-db1a88023ab4",
              "title": "When I send GET /usuarios passing id query param",
              "fullFile": "",
              "file": "",
              "beforeHooks": [],
              "afterHooks": [],
              "tests": [
                {
                  "title": "Then it should return only the filtered user",
                  "fullTitle": "Given the Users api When I send GET /usuarios passing id query param Then it should return only the filtered user",
                  "timedOut": null,
                  "duration": 173,
                  "state": "passed",
                  "speed": "fast",
                  "pass": true,
                  "fail": false,
                  "pending": false,
                  "context": null,
                  "code": "cy.request({\n  method: \"GET\",\n  url: \"/usuarios\",\n  qs: {\n    _id: \"0uxuPY0cbmQhpEz1\"\n  }\n}).should(response => {\n  expect(response.status).to.eq(200);\n  expect(response.body.usuarios[0].nome).to.eq(\"Fulano da Silva\");\n});",
                  "err": {},
                  "uuid": "f266faeb-05cf-4e3b-8b58-aab530bdfb1d",
                  "parentUUID": "f298a6fe-c5f7-4702-b14c-db1a88023ab4",
                  "isHook": false,
                  "skipped": false
                }
              ],
              "suites": [],
              "passes": [
                "f266faeb-05cf-4e3b-8b58-aab530bdfb1d"
              ],
              "failures": [],
              "pending": [],
              "skipped": [],
              "duration": 173,
              "root": false,
              "rootEmpty": false,
              "_timeout": 2000
            }
          ],
          "passes": [],
          "failures": [],
          "pending": [],
          "skipped": [],
          "duration": 0,
          "root": false,
          "rootEmpty": false,
          "_timeout": 2000
        }
      ],
      "passes": [],
      "failures": [],
      "pending": [],
      "skipped": [],
      "duration": 0,
      "root": true,
      "rootEmpty": true,
      "_timeout": 2000
    }
  ],
  "meta": {
    "mocha": {
      "version": "7.0.1"
    },
    "mochawesome": {
      "options": {
        "quiet": true,
        "reportFilename": "mochawesome",
        "saveHtml": false,
        "saveJson": true,
        "consoleReporter": "spec",
        "useInlineDiffs": false,
        "code": true
      },
      "version": "7.1.3"
    },
    "marge": {
      "options": {
        "id": "default",
        "reporterDir": "mochawesome-report",
        "quiet": true,
        "overwrite": false,
        "html": false,
        "json": true
      },
      "version": "6.2.0"
    }
  }
}